{"/home/sadiq/Documents/github/banka-server/spec/MyJSUtilitiesSpec.js":{"path":"/home/sadiq/Documents/github/banka-server/spec/MyJSUtilitiesSpec.js","s":{"1":1,"2":1,"3":1,"4":1,"5":1,"6":1,"7":1,"8":1,"9":1,"10":1,"11":1,"12":1,"13":1,"14":1,"15":1,"16":1,"17":1,"18":1,"19":1,"20":1,"21":1},"b":{},"f":{},"fnMap":{},"statementMap":{"1":{"start":{"line":1,"column":0},"end":{"line":1,"column":59}},"2":{"start":{"line":2,"column":0},"end":{"line":2,"column":53}},"3":{"start":{"line":5,"column":0},"end":{"line":11,"column":3}},"4":{"start":{"line":6,"column":2},"end":{"line":10,"column":4}},"5":{"start":{"line":7,"column":4},"end":{"line":9,"column":6}},"6":{"start":{"line":8,"column":6},"end":{"line":8,"column":49}},"7":{"start":{"line":13,"column":0},"end":{"line":37,"column":2}},"8":{"start":{"line":14,"column":2},"end":{"line":21,"column":5}},"9":{"start":{"line":15,"column":4},"end":{"line":17,"column":7}},"10":{"start":{"line":16,"column":6},"end":{"line":16,"column":43}},"11":{"start":{"line":18,"column":4},"end":{"line":20,"column":7}},"12":{"start":{"line":19,"column":6},"end":{"line":19,"column":45}},"13":{"start":{"line":22,"column":2},"end":{"line":26,"column":5}},"14":{"start":{"line":23,"column":4},"end":{"line":25,"column":6}},"15":{"start":{"line":24,"column":6},"end":{"line":24,"column":45}},"16":{"start":{"line":27,"column":2},"end":{"line":31,"column":5}},"17":{"start":{"line":28,"column":4},"end":{"line":30,"column":6}},"18":{"start":{"line":29,"column":6},"end":{"line":29,"column":45}},"19":{"start":{"line":32,"column":2},"end":{"line":36,"column":5}},"20":{"start":{"line":33,"column":4},"end":{"line":35,"column":6}},"21":{"start":{"line":34,"column":6},"end":{"line":34,"column":47}}},"branchMap":{}},"/home/sadiq/Documents/github/banka-server/controllers/accountController.js":{"path":"/home/sadiq/Documents/github/banka-server/controllers/accountController.js","s":{"1":1,"2":1,"3":1,"4":0,"5":0,"6":0,"7":1},"b":{},"f":{"1":0},"fnMap":{"1":{"name":"(anonymous_1)","line":7,"loc":{"start":{"line":7,"column":20},"end":{"line":7,"column":31}}}},"statementMap":{"1":{"start":{"line":1,"column":0},"end":{"line":1,"column":36}},"2":{"start":{"line":2,"column":0},"end":{"line":2,"column":25}},"3":{"start":{"line":4,"column":0},"end":{"line":4,"column":52}},"4":{"start":{"line":8,"column":4},"end":{"line":12,"column":5}},"5":{"start":{"line":9,"column":6},"end":{"line":9,"column":55}},"6":{"start":{"line":11,"column":6},"end":{"line":11,"column":77}},"7":{"start":{"line":16,"column":0},"end":{"line":16,"column":26}}},"branchMap":{}},"/home/sadiq/Documents/github/banka-server/controllers/userController.js":{"path":"/home/sadiq/Documents/github/banka-server/controllers/userController.js","s":{"1":1,"2":1,"3":1,"4":1,"5":0,"6":0,"7":0,"8":0,"9":0,"10":0,"11":0,"12":0,"13":0,"14":0,"15":0,"16":0,"17":0,"18":0,"19":0,"20":0,"21":0,"22":0,"23":0,"24":0,"25":0,"26":0,"27":0,"28":0,"29":0,"30":0,"31":0,"32":0,"33":0,"34":0,"35":0,"36":0,"37":1},"b":{"1":[0,0],"2":[0,0],"3":[0,0],"4":[0,0]},"f":{"1":0,"2":0,"3":0,"4":0},"fnMap":{"1":{"name":"(anonymous_1)","line":8,"loc":{"start":{"line":8,"column":17},"end":{"line":8,"column":28}}},"2":{"name":"(anonymous_2)","line":16,"loc":{"start":{"line":16,"column":19},"end":{"line":16,"column":30}}},"3":{"name":"(anonymous_3)","line":29,"loc":{"start":{"line":29,"column":19},"end":{"line":29,"column":30}}},"4":{"name":"(anonymous_4)","line":101,"loc":{"start":{"line":101,"column":15},"end":{"line":101,"column":26}}}},"statementMap":{"1":{"start":{"line":1,"column":0},"end":{"line":1,"column":33}},"2":{"start":{"line":2,"column":0},"end":{"line":2,"column":36}},"3":{"start":{"line":3,"column":0},"end":{"line":3,"column":25}},"4":{"start":{"line":5,"column":0},"end":{"line":5,"column":46}},"5":{"start":{"line":9,"column":4},"end":{"line":13,"column":5}},"6":{"start":{"line":10,"column":6},"end":{"line":10,"column":46}},"7":{"start":{"line":12,"column":6},"end":{"line":12,"column":78}},"8":{"start":{"line":17,"column":4},"end":{"line":17,"column":47}},"9":{"start":{"line":18,"column":4},"end":{"line":26,"column":5}},"10":{"start":{"line":19,"column":6},"end":{"line":19,"column":70}},"11":{"start":{"line":19,"column":44},"end":{"line":19,"column":65}},"12":{"start":{"line":20,"column":6},"end":{"line":22,"column":7}},"13":{"start":{"line":21,"column":8},"end":{"line":21,"column":84}},"14":{"start":{"line":23,"column":6},"end":{"line":23,"column":69}},"15":{"start":{"line":25,"column":6},"end":{"line":25,"column":93}},"16":{"start":{"line":30,"column":4},"end":{"line":30,"column":54}},"17":{"start":{"line":31,"column":4},"end":{"line":39,"column":6}},"18":{"start":{"line":41,"column":4},"end":{"line":41,"column":98}},"19":{"start":{"line":41,"column":43},"end":{"line":41,"column":96}},"20":{"start":{"line":43,"column":4},"end":{"line":63,"column":5}},"21":{"start":{"line":44,"column":6},"end":{"line":58,"column":8}},"22":{"start":{"line":45,"column":8},"end":{"line":45,"column":28}},"23":{"start":{"line":46,"column":8},"end":{"line":46,"column":71}},"24":{"start":{"line":48,"column":8},"end":{"line":57,"column":10}},"25":{"start":{"line":59,"column":6},"end":{"line":59,"column":34}},"26":{"start":{"line":61,"column":6},"end":{"line":61,"column":40}},"27":{"start":{"line":62,"column":6},"end":{"line":62,"column":87}},"28":{"start":{"line":102,"column":4},"end":{"line":105,"column":5}},"29":{"start":{"line":107,"column":4},"end":{"line":107,"column":93}},"30":{"start":{"line":107,"column":41},"end":{"line":107,"column":91}},"31":{"start":{"line":109,"column":4},"end":{"line":114,"column":5}},"32":{"start":{"line":110,"column":6},"end":{"line":113,"column":9}},"33":{"start":{"line":116,"column":4},"end":{"line":134,"column":5}},"34":{"start":{"line":117,"column":6},"end":{"line":128,"column":9}},"35":{"start":{"line":118,"column":10},"end":{"line":127,"column":12}},"36":{"start":{"line":130,"column":6},"end":{"line":133,"column":8}},"37":{"start":{"line":138,"column":0},"end":{"line":138,"column":23}}},"branchMap":{"1":{"line":20,"type":"if","locations":[{"start":{"line":20,"column":6},"end":{"line":20,"column":6}},{"start":{"line":20,"column":6},"end":{"line":20,"column":6}}]},"2":{"line":43,"type":"if","locations":[{"start":{"line":43,"column":4},"end":{"line":43,"column":4}},{"start":{"line":43,"column":4},"end":{"line":43,"column":4}}]},"3":{"line":109,"type":"if","locations":[{"start":{"line":109,"column":4},"end":{"line":109,"column":4}},{"start":{"line":109,"column":4},"end":{"line":109,"column":4}}]},"4":{"line":116,"type":"if","locations":[{"start":{"line":116,"column":4},"end":{"line":116,"column":4}},{"start":{"line":116,"column":4},"end":{"line":116,"column":4}}]}}},"/home/sadiq/Documents/github/banka-server/app.js":{"path":"/home/sadiq/Documents/github/banka-server/app.js","s":{"1":0,"2":0,"3":0,"4":0,"5":0,"6":0,"7":0,"8":0,"9":0,"10":0,"11":0,"12":0,"13":0},"b":{"1":[0,0]},"f":{},"fnMap":{},"statementMap":{"1":{"start":{"line":1,"column":0},"end":{"line":1,"column":35}},"2":{"start":{"line":2,"column":0},"end":{"line":2,"column":42}},"3":{"start":{"line":4,"column":0},"end":{"line":4,"column":41}},"4":{"start":{"line":5,"column":0},"end":{"line":5,"column":38}},"5":{"start":{"line":6,"column":0},"end":{"line":6,"column":22}},"6":{"start":{"line":7,"column":0},"end":{"line":7,"column":30}},"7":{"start":{"line":10,"column":0},"end":{"line":12,"column":2}},"8":{"start":{"line":11,"column":1},"end":{"line":11,"column":53}},"9":{"start":{"line":14,"column":0},"end":{"line":14,"column":27}},"10":{"start":{"line":15,"column":0},"end":{"line":15,"column":51}},"11":{"start":{"line":16,"column":0},"end":{"line":16,"column":34}},"12":{"start":{"line":18,"column":0},"end":{"line":18,"column":64}},"13":{"start":{"line":18,"column":23},"end":{"line":18,"column":63}}},"branchMap":{"1":{"line":5,"type":"binary-expr","locations":[{"start":{"line":5,"column":13},"end":{"line":5,"column":29}},{"start":{"line":5,"column":33},"end":{"line":5,"column":37}}]}}},"/home/sadiq/Documents/github/banka-server/login.js":{"path":"/home/sadiq/Documents/github/banka-server/login.js","s":{"1":0,"2":0,"3":0,"4":0,"5":0,"6":0,"7":0,"8":0,"9":0,"10":0,"11":0,"12":0,"13":0,"14":0,"15":0,"16":0,"17":0,"18":0,"19":0,"20":0,"21":0,"22":0,"23":0,"24":0,"25":0,"26":0,"27":0},"b":{"1":[0,0],"2":[0,0],"3":[0,0]},"f":{"1":0},"fnMap":{"1":{"name":"verifyToken","line":44,"loc":{"start":{"line":44,"column":0},"end":{"line":44,"column":36}}}},"statementMap":{"1":{"start":{"line":1,"column":0},"end":{"line":1,"column":35}},"2":{"start":{"line":2,"column":0},"end":{"line":2,"column":36}},"3":{"start":{"line":3,"column":0},"end":{"line":3,"column":22}},"4":{"start":{"line":4,"column":0},"end":{"line":4,"column":38}},"5":{"start":{"line":6,"column":0},"end":{"line":8,"column":2}},"6":{"start":{"line":7,"column":2},"end":{"line":7,"column":30}},"7":{"start":{"line":11,"column":0},"end":{"line":20,"column":3}},"8":{"start":{"line":12,"column":4},"end":{"line":16,"column":5}},"9":{"start":{"line":17,"column":4},"end":{"line":19,"column":7}},"10":{"start":{"line":18,"column":8},"end":{"line":18,"column":26}},"11":{"start":{"line":23,"column":0},"end":{"line":27,"column":3}},"12":{"start":{"line":24,"column":4},"end":{"line":26,"column":7}},"13":{"start":{"line":30,"column":0},"end":{"line":41,"column":3}},"14":{"start":{"line":31,"column":4},"end":{"line":40,"column":7}},"15":{"start":{"line":32,"column":8},"end":{"line":39,"column":9}},"16":{"start":{"line":33,"column":12},"end":{"line":33,"column":32}},"17":{"start":{"line":35,"column":12},"end":{"line":38,"column":15}},"18":{"start":{"line":44,"column":0},"end":{"line":61,"column":1}},"19":{"start":{"line":47,"column":4},"end":{"line":47,"column":54}},"20":{"start":{"line":50,"column":4},"end":{"line":60,"column":5}},"21":{"start":{"line":51,"column":8},"end":{"line":51,"column":47}},"22":{"start":{"line":54,"column":8},"end":{"line":54,"column":38}},"23":{"start":{"line":55,"column":8},"end":{"line":55,"column":32}},"24":{"start":{"line":57,"column":8},"end":{"line":57,"column":15}},"25":{"start":{"line":59,"column":8},"end":{"line":59,"column":28}},"26":{"start":{"line":63,"column":0},"end":{"line":65,"column":3}},"27":{"start":{"line":64,"column":2},"end":{"line":64,"column":50}}},"branchMap":{"1":{"line":4,"type":"binary-expr","locations":[{"start":{"line":4,"column":13},"end":{"line":4,"column":29}},{"start":{"line":4,"column":33},"end":{"line":4,"column":37}}]},"2":{"line":32,"type":"if","locations":[{"start":{"line":32,"column":8},"end":{"line":32,"column":8}},{"start":{"line":32,"column":8},"end":{"line":32,"column":8}}]},"3":{"line":50,"type":"if","locations":[{"start":{"line":50,"column":4},"end":{"line":50,"column":4}},{"start":{"line":50,"column":4},"end":{"line":50,"column":4}}]}}},"/home/sadiq/Documents/github/banka-server/pg.js":{"path":"/home/sadiq/Documents/github/banka-server/pg.js","s":{"1":0,"2":0,"3":0,"4":0,"5":0,"6":0,"7":0,"8":0,"9":0,"10":0,"11":0},"b":{"1":[0,0],"2":[0,0]},"f":{"1":0,"2":0},"fnMap":{"1":{"name":"(anonymous_1)","line":7,"loc":{"start":{"line":7,"column":15},"end":{"line":7,"column":29}}},"2":{"name":"(anonymous_2)","line":11,"loc":{"start":{"line":11,"column":44},"end":{"line":11,"column":66}}}},"statementMap":{"1":{"start":{"line":1,"column":0},"end":{"line":1,"column":23}},"2":{"start":{"line":5,"column":0},"end":{"line":5,"column":109}},"3":{"start":{"line":6,"column":0},"end":{"line":6,"column":38}},"4":{"start":{"line":7,"column":0},"end":{"line":19,"column":3}},"5":{"start":{"line":8,"column":2},"end":{"line":10,"column":3}},"6":{"start":{"line":9,"column":4},"end":{"line":9,"column":63}},"7":{"start":{"line":11,"column":2},"end":{"line":18,"column":5}},"8":{"start":{"line":12,"column":4},"end":{"line":14,"column":5}},"9":{"start":{"line":13,"column":6},"end":{"line":13,"column":55}},"10":{"start":{"line":15,"column":4},"end":{"line":15,"column":40}},"11":{"start":{"line":17,"column":4},"end":{"line":17,"column":17}}},"branchMap":{"1":{"line":8,"type":"if","locations":[{"start":{"line":8,"column":2},"end":{"line":8,"column":2}},{"start":{"line":8,"column":2},"end":{"line":8,"column":2}}]},"2":{"line":12,"type":"if","locations":[{"start":{"line":12,"column":4},"end":{"line":12,"column":4}},{"start":{"line":12,"column":4},"end":{"line":12,"column":4}}]}}},"/home/sadiq/Documents/github/banka-server/routes/index.js":{"path":"/home/sadiq/Documents/github/banka-server/routes/index.js","s":{"1":0,"2":0,"3":0,"4":0,"5":0,"6":0,"7":0,"8":0,"9":0,"10":0,"11":0,"12":0,"13":0,"14":0},"b":{},"f":{},"fnMap":{},"statementMap":{"1":{"start":{"line":1,"column":0},"end":{"line":1,"column":35}},"2":{"start":{"line":2,"column":0},"end":{"line":2,"column":54}},"3":{"start":{"line":3,"column":0},"end":{"line":3,"column":61}},"4":{"start":{"line":5,"column":0},"end":{"line":5,"column":32}},"5":{"start":{"line":7,"column":0},"end":{"line":7,"column":75}},"6":{"start":{"line":7,"column":30},"end":{"line":7,"column":73}},"7":{"start":{"line":9,"column":0},"end":{"line":9,"column":36}},"8":{"start":{"line":10,"column":0},"end":{"line":10,"column":42}},"9":{"start":{"line":11,"column":0},"end":{"line":11,"column":45}},"10":{"start":{"line":15,"column":0},"end":{"line":15,"column":41}},"11":{"start":{"line":18,"column":0},"end":{"line":18,"column":46}},"12":{"start":{"line":20,"column":0},"end":{"line":20,"column":64}},"13":{"start":{"line":20,"column":30},"end":{"line":20,"column":62}},"14":{"start":{"line":23,"column":0},"end":{"line":23,"column":24}}},"branchMap":{}}}