{"/home/sadiq/Documents/github/banka-server/spec/MyJSUtilitiesSpec.js":{"path":"/home/sadiq/Documents/github/banka-server/spec/MyJSUtilitiesSpec.js","s":{"1":1,"2":1,"3":1,"4":1,"5":1,"6":1,"7":1,"8":1,"9":1,"10":1,"11":1,"12":1,"13":1,"14":1,"15":1},"b":{},"f":{"1":1,"2":1,"3":1,"4":1,"5":1,"6":1},"fnMap":{"1":{"name":"(anonymous_1)","line":3,"loc":{"start":{"line":3,"column":26},"end":{"line":3,"column":37}}},"2":{"name":"(anonymous_2)","line":5,"loc":{"start":{"line":5,"column":28},"end":{"line":5,"column":39}}},"3":{"name":"(anonymous_3)","line":6,"loc":{"start":{"line":6,"column":47},"end":{"line":6,"column":58}}},"4":{"name":"(anonymous_4)","line":12,"loc":{"start":{"line":12,"column":47},"end":{"line":12,"column":58}}},"5":{"name":"(anonymous_5)","line":17,"loc":{"start":{"line":17,"column":68},"end":{"line":17,"column":79}}},"6":{"name":"(anonymous_6)","line":23,"loc":{"start":{"line":23,"column":55},"end":{"line":23,"column":66}}}},"statementMap":{"1":{"start":{"line":1,"column":0},"end":{"line":1,"column":36}},"2":{"start":{"line":3,"column":0},"end":{"line":30,"column":3}},"3":{"start":{"line":5,"column":2},"end":{"line":28,"column":5}},"4":{"start":{"line":6,"column":4},"end":{"line":10,"column":7}},"5":{"start":{"line":7,"column":6},"end":{"line":7,"column":46}},"6":{"start":{"line":8,"column":6},"end":{"line":8,"column":70}},"7":{"start":{"line":12,"column":4},"end":{"line":15,"column":7}},"8":{"start":{"line":13,"column":6},"end":{"line":13,"column":46}},"9":{"start":{"line":14,"column":6},"end":{"line":14,"column":70}},"10":{"start":{"line":17,"column":4},"end":{"line":21,"column":7}},"11":{"start":{"line":18,"column":6},"end":{"line":18,"column":43}},"12":{"start":{"line":19,"column":6},"end":{"line":19,"column":67}},"13":{"start":{"line":23,"column":4},"end":{"line":26,"column":7}},"14":{"start":{"line":24,"column":6},"end":{"line":24,"column":41}},"15":{"start":{"line":25,"column":6},"end":{"line":25,"column":66}}},"branchMap":{}},"/home/sadiq/Documents/github/banka-server/index.js":{"path":"/home/sadiq/Documents/github/banka-server/index.js","s":{"1":1,"2":1,"3":1,"4":1,"5":1,"6":1,"7":1,"8":1,"9":1},"b":{},"f":{"1":1,"2":1,"3":1,"4":1},"fnMap":{"1":{"name":"toLowerCase","line":1,"loc":{"start":{"line":1,"column":0},"end":{"line":1,"column":25}}},"2":{"name":"toUpperCase","line":4,"loc":{"start":{"line":4,"column":0},"end":{"line":4,"column":25}}},"3":{"name":"contains","line":7,"loc":{"start":{"line":7,"column":0},"end":{"line":7,"column":44}}},"4":{"name":"repeat","line":10,"loc":{"start":{"line":10,"column":0},"end":{"line":10,"column":23}}}},"statementMap":{"1":{"start":{"line":1,"column":0},"end":{"line":3,"column":1}},"2":{"start":{"line":2,"column":4},"end":{"line":2,"column":29}},"3":{"start":{"line":4,"column":0},"end":{"line":6,"column":1}},"4":{"start":{"line":5,"column":4},"end":{"line":5,"column":29}},"5":{"start":{"line":7,"column":0},"end":{"line":9,"column":1}},"6":{"start":{"line":8,"column":4},"end":{"line":8,"column":52}},"7":{"start":{"line":10,"column":0},"end":{"line":12,"column":1}},"8":{"start":{"line":11,"column":4},"end":{"line":11,"column":40}},"9":{"start":{"line":14,"column":0},"end":{"line":19,"column":2}}},"branchMap":{}},"/home/sadiq/Documents/github/banka-server/app.js":{"path":"/home/sadiq/Documents/github/banka-server/app.js","s":{"1":0,"2":0,"3":0,"4":0,"5":0,"6":0,"7":0,"8":0,"9":0,"10":0,"11":0,"12":0,"13":0},"b":{"1":[0,0]},"f":{},"fnMap":{},"statementMap":{"1":{"start":{"line":1,"column":0},"end":{"line":1,"column":35}},"2":{"start":{"line":2,"column":0},"end":{"line":2,"column":42}},"3":{"start":{"line":4,"column":0},"end":{"line":4,"column":41}},"4":{"start":{"line":5,"column":0},"end":{"line":5,"column":38}},"5":{"start":{"line":6,"column":0},"end":{"line":6,"column":22}},"6":{"start":{"line":7,"column":0},"end":{"line":7,"column":30}},"7":{"start":{"line":10,"column":0},"end":{"line":12,"column":2}},"8":{"start":{"line":11,"column":1},"end":{"line":11,"column":53}},"9":{"start":{"line":14,"column":0},"end":{"line":14,"column":27}},"10":{"start":{"line":15,"column":0},"end":{"line":15,"column":51}},"11":{"start":{"line":16,"column":0},"end":{"line":16,"column":34}},"12":{"start":{"line":18,"column":0},"end":{"line":18,"column":64}},"13":{"start":{"line":18,"column":23},"end":{"line":18,"column":63}}},"branchMap":{"1":{"line":5,"type":"binary-expr","locations":[{"start":{"line":5,"column":13},"end":{"line":5,"column":29}},{"start":{"line":5,"column":33},"end":{"line":5,"column":37}}]}}},"/home/sadiq/Documents/github/banka-server/controllers/userController.js":{"path":"/home/sadiq/Documents/github/banka-server/controllers/userController.js","s":{"1":0,"2":0,"3":0,"4":0,"5":0,"6":0,"7":0,"8":0,"9":0,"10":0,"11":0,"12":0,"13":0,"14":0,"15":0,"16":0,"17":0,"18":0,"19":0,"20":0,"21":0,"22":0,"23":0,"24":0,"25":0,"26":0,"27":0,"28":0,"29":0,"30":0,"31":0,"32":0,"33":0,"34":0,"35":0,"36":0,"37":0,"38":0,"39":0,"40":0,"41":0},"b":{"1":[0,0],"2":[0,0],"3":[0,0]},"f":{"1":0,"2":0,"3":0,"4":0,"5":0},"fnMap":{"1":{"name":"(anonymous_1)","line":5,"loc":{"start":{"line":5,"column":17},"end":{"line":5,"column":28}}},"2":{"name":"(anonymous_2)","line":13,"loc":{"start":{"line":13,"column":19},"end":{"line":13,"column":30}}},"3":{"name":"(anonymous_3)","line":26,"loc":{"start":{"line":26,"column":19},"end":{"line":26,"column":30}}},"4":{"name":"(anonymous_4)","line":41,"loc":{"start":{"line":41,"column":17},"end":{"line":41,"column":28}}},"5":{"name":"(anonymous_5)","line":60,"loc":{"start":{"line":60,"column":19},"end":{"line":60,"column":30}}}},"statementMap":{"1":{"start":{"line":1,"column":0},"end":{"line":1,"column":33}},"2":{"start":{"line":2,"column":0},"end":{"line":2,"column":41}},"3":{"start":{"line":6,"column":4},"end":{"line":10,"column":5}},"4":{"start":{"line":7,"column":6},"end":{"line":7,"column":46}},"5":{"start":{"line":9,"column":6},"end":{"line":9,"column":78}},"6":{"start":{"line":14,"column":4},"end":{"line":14,"column":47}},"7":{"start":{"line":15,"column":4},"end":{"line":23,"column":5}},"8":{"start":{"line":16,"column":6},"end":{"line":16,"column":70}},"9":{"start":{"line":16,"column":44},"end":{"line":16,"column":65}},"10":{"start":{"line":17,"column":6},"end":{"line":19,"column":7}},"11":{"start":{"line":18,"column":8},"end":{"line":18,"column":84}},"12":{"start":{"line":20,"column":6},"end":{"line":20,"column":69}},"13":{"start":{"line":22,"column":6},"end":{"line":22,"column":93}},"14":{"start":{"line":27,"column":4},"end":{"line":27,"column":54}},"15":{"start":{"line":28,"column":4},"end":{"line":36,"column":6}},"16":{"start":{"line":37,"column":4},"end":{"line":37,"column":24}},"17":{"start":{"line":38,"column":4},"end":{"line":38,"column":75}},"18":{"start":{"line":42,"column":4},"end":{"line":57,"column":5}},"19":{"start":{"line":43,"column":6},"end":{"line":43,"column":49}},"20":{"start":{"line":44,"column":6},"end":{"line":44,"column":66}},"21":{"start":{"line":44,"column":40},"end":{"line":44,"column":61}},"22":{"start":{"line":45,"column":6},"end":{"line":47,"column":7}},"23":{"start":{"line":46,"column":8},"end":{"line":46,"column":84}},"24":{"start":{"line":48,"column":6},"end":{"line":48,"column":40}},"25":{"start":{"line":49,"column":6},"end":{"line":49,"column":41}},"26":{"start":{"line":50,"column":6},"end":{"line":52,"column":9}},"27":{"start":{"line":51,"column":8},"end":{"line":51,"column":34}},"28":{"start":{"line":53,"column":6},"end":{"line":53,"column":26}},"29":{"start":{"line":54,"column":6},"end":{"line":54,"column":66}},"30":{"start":{"line":56,"column":6},"end":{"line":56,"column":86}},"31":{"start":{"line":61,"column":4},"end":{"line":72,"column":5}},"32":{"start":{"line":62,"column":6},"end":{"line":62,"column":49}},"33":{"start":{"line":63,"column":6},"end":{"line":63,"column":66}},"34":{"start":{"line":63,"column":40},"end":{"line":63,"column":61}},"35":{"start":{"line":64,"column":6},"end":{"line":64,"column":40}},"36":{"start":{"line":65,"column":6},"end":{"line":67,"column":7}},"37":{"start":{"line":66,"column":8},"end":{"line":66,"column":84}},"38":{"start":{"line":68,"column":6},"end":{"line":68,"column":29}},"39":{"start":{"line":69,"column":6},"end":{"line":69,"column":107}},"40":{"start":{"line":71,"column":6},"end":{"line":71,"column":86}},"41":{"start":{"line":76,"column":0},"end":{"line":76,"column":23}}},"branchMap":{"1":{"line":17,"type":"if","locations":[{"start":{"line":17,"column":6},"end":{"line":17,"column":6}},{"start":{"line":17,"column":6},"end":{"line":17,"column":6}}]},"2":{"line":45,"type":"if","locations":[{"start":{"line":45,"column":6},"end":{"line":45,"column":6}},{"start":{"line":45,"column":6},"end":{"line":45,"column":6}}]},"3":{"line":65,"type":"if","locations":[{"start":{"line":65,"column":6},"end":{"line":65,"column":6}},{"start":{"line":65,"column":6},"end":{"line":65,"column":6}}]}}},"/home/sadiq/Documents/github/banka-server/routes/index.js":{"path":"/home/sadiq/Documents/github/banka-server/routes/index.js","s":{"1":0,"2":0,"3":0,"4":0,"5":0,"6":0,"7":0,"8":0,"9":0,"10":0,"11":0,"12":0,"13":0},"b":{},"f":{},"fnMap":{},"statementMap":{"1":{"start":{"line":1,"column":0},"end":{"line":1,"column":35}},"2":{"start":{"line":2,"column":0},"end":{"line":2,"column":54}},"3":{"start":{"line":4,"column":0},"end":{"line":4,"column":32}},"4":{"start":{"line":6,"column":0},"end":{"line":6,"column":75}},"5":{"start":{"line":6,"column":30},"end":{"line":6,"column":73}},"6":{"start":{"line":8,"column":0},"end":{"line":8,"column":36}},"7":{"start":{"line":9,"column":0},"end":{"line":9,"column":42}},"8":{"start":{"line":10,"column":0},"end":{"line":10,"column":39}},"9":{"start":{"line":11,"column":0},"end":{"line":11,"column":42}},"10":{"start":{"line":12,"column":0},"end":{"line":12,"column":45}},"11":{"start":{"line":14,"column":0},"end":{"line":14,"column":64}},"12":{"start":{"line":14,"column":30},"end":{"line":14,"column":62}},"13":{"start":{"line":17,"column":0},"end":{"line":17,"column":24}}},"branchMap":{}}}